#! /usr/bin/vvp
:ivl_version "11.0 (stable)";
:ivl_delay_selection "TYPICAL";
:vpi_time_precision + 0;
:vpi_module "/usr/lib/x86_64-linux-gnu/ivl/system.vpi";
:vpi_module "/usr/lib/x86_64-linux-gnu/ivl/vhdl_sys.vpi";
:vpi_module "/usr/lib/x86_64-linux-gnu/ivl/vhdl_textio.vpi";
:vpi_module "/usr/lib/x86_64-linux-gnu/ivl/v2005_math.vpi";
:vpi_module "/usr/lib/x86_64-linux-gnu/ivl/va_math.vpi";
S_0x55ccd5c2d1d0 .scope module, "full_adder_tb" "full_adder_tb" 2 3;
 .timescale 0 0;
v0x55ccd5c42f60_0 .var "A", 0 0;
v0x55ccd5c43020_0 .var "B", 0 0;
v0x55ccd5c430f0_0 .var "CIN", 0 0;
v0x55ccd5c431f0_0 .net "COUT", 0 0, L_0x55ccd5c43760;  1 drivers
v0x55ccd5c432c0_0 .net "S", 0 0, L_0x55ccd5c434f0;  1 drivers
S_0x55ccd5c2d360 .scope module, "uut" "full_adder" 2 8, 3 1 0, S_0x55ccd5c2d1d0;
 .timescale 0 0;
    .port_info 0 /INPUT 1 "a";
    .port_info 1 /INPUT 1 "b";
    .port_info 2 /INPUT 1 "cin";
    .port_info 3 /OUTPUT 1 "s";
    .port_info 4 /OUTPUT 1 "cout";
L_0x55ccd5c433b0 .functor XOR 1, v0x55ccd5c42f60_0, v0x55ccd5c43020_0, C4<0>, C4<0>;
L_0x55ccd5c434f0 .functor XOR 1, L_0x55ccd5c433b0, v0x55ccd5c430f0_0, C4<0>, C4<0>;
L_0x55ccd5c43650 .functor AND 1, v0x55ccd5c430f0_0, L_0x55ccd5c433b0, C4<1>, C4<1>;
L_0x55ccd5c436c0 .functor AND 1, v0x55ccd5c42f60_0, v0x55ccd5c43020_0, C4<1>, C4<1>;
L_0x55ccd5c43760 .functor OR 1, L_0x55ccd5c43650, L_0x55ccd5c436c0, C4<0>, C4<0>;
v0x55ccd5c2d540_0 .net "a", 0 0, v0x55ccd5c42f60_0;  1 drivers
v0x55ccd5c42920_0 .net "b", 0 0, v0x55ccd5c43020_0;  1 drivers
v0x55ccd5c429e0_0 .net "cin", 0 0, v0x55ccd5c430f0_0;  1 drivers
v0x55ccd5c42ab0_0 .net "cout", 0 0, L_0x55ccd5c43760;  alias, 1 drivers
v0x55ccd5c42b70_0 .net "s", 0 0, L_0x55ccd5c434f0;  alias, 1 drivers
v0x55ccd5c42c80_0 .net "w1", 0 0, L_0x55ccd5c433b0;  1 drivers
v0x55ccd5c42d40_0 .net "w2", 0 0, L_0x55ccd5c43650;  1 drivers
v0x55ccd5c42e00_0 .net "w3", 0 0, L_0x55ccd5c436c0;  1 drivers
    .scope S_0x55ccd5c2d1d0;
T_0 ;
    %vpi_call 2 11 "$dumpfile", "full_adder_tb.vcd" {0 0 0};
    %vpi_call 2 12 "$dumpvars", 32'sb00000000000000000000000000000000, S_0x55ccd5c2d1d0 {0 0 0};
    %end;
    .thread T_0;
    .scope S_0x55ccd5c2d1d0;
T_1 ;
    %pushi/vec4 0, 0, 1;
    %store/vec4 v0x55ccd5c42f60_0, 0, 1;
    %pushi/vec4 0, 0, 1;
    %store/vec4 v0x55ccd5c43020_0, 0, 1;
    %pushi/vec4 0, 0, 1;
    %store/vec4 v0x55ccd5c430f0_0, 0, 1;
    %delay 1, 0;
    %pushi/vec4 0, 0, 1;
    %store/vec4 v0x55ccd5c42f60_0, 0, 1;
    %pushi/vec4 0, 0, 1;
    %store/vec4 v0x55ccd5c43020_0, 0, 1;
    %pushi/vec4 1, 0, 1;
    %store/vec4 v0x55ccd5c430f0_0, 0, 1;
    %delay 1, 0;
    %pushi/vec4 0, 0, 1;
    %store/vec4 v0x55ccd5c42f60_0, 0, 1;
    %pushi/vec4 1, 0, 1;
    %store/vec4 v0x55ccd5c43020_0, 0, 1;
    %pushi/vec4 0, 0, 1;
    %store/vec4 v0x55ccd5c430f0_0, 0, 1;
    %delay 1, 0;
    %pushi/vec4 0, 0, 1;
    %store/vec4 v0x55ccd5c42f60_0, 0, 1;
    %pushi/vec4 1, 0, 1;
    %store/vec4 v0x55ccd5c43020_0, 0, 1;
    %pushi/vec4 1, 0, 1;
    %store/vec4 v0x55ccd5c430f0_0, 0, 1;
    %delay 1, 0;
    %pushi/vec4 1, 0, 1;
    %store/vec4 v0x55ccd5c42f60_0, 0, 1;
    %pushi/vec4 0, 0, 1;
    %store/vec4 v0x55ccd5c43020_0, 0, 1;
    %pushi/vec4 0, 0, 1;
    %store/vec4 v0x55ccd5c430f0_0, 0, 1;
    %delay 1, 0;
    %pushi/vec4 1, 0, 1;
    %store/vec4 v0x55ccd5c42f60_0, 0, 1;
    %pushi/vec4 0, 0, 1;
    %store/vec4 v0x55ccd5c43020_0, 0, 1;
    %pushi/vec4 1, 0, 1;
    %store/vec4 v0x55ccd5c430f0_0, 0, 1;
    %delay 1, 0;
    %pushi/vec4 1, 0, 1;
    %store/vec4 v0x55ccd5c42f60_0, 0, 1;
    %pushi/vec4 1, 0, 1;
    %store/vec4 v0x55ccd5c43020_0, 0, 1;
    %pushi/vec4 0, 0, 1;
    %store/vec4 v0x55ccd5c430f0_0, 0, 1;
    %delay 1, 0;
    %pushi/vec4 1, 0, 1;
    %store/vec4 v0x55ccd5c42f60_0, 0, 1;
    %pushi/vec4 1, 0, 1;
    %store/vec4 v0x55ccd5c43020_0, 0, 1;
    %pushi/vec4 1, 0, 1;
    %store/vec4 v0x55ccd5c430f0_0, 0, 1;
    %delay 1, 0;
    %end;
    .thread T_1;
# The file index is used to find the file name in the following table.
:file_names 4;
    "N/A";
    "<interactive>";
    "full_adder_tb.v";
    "./full_adder.v";
