#! /usr/bin/vvp
:ivl_version "10.3 (stable)";
:ivl_delay_selection "TYPICAL";
:vpi_time_precision - 12;
:vpi_module "system";
:vpi_module "vhdl_sys";
:vpi_module "v2005_math";
:vpi_module "va_math";
S_0x5643b5ea90f0 .scope module, "blink_tb" "blink_tb" 2 4;
 .timescale -8 -12;
v0x5643b5ef0b10_0 .var "CLK", 0 0;
v0x5643b5ef0bb0_0 .net "LED", 0 0, L_0x5643b5ef0db0;  1 drivers
S_0x5643b5ea9270 .scope module, "blink_tb" "blink" 2 10, 3 1 0, S_0x5643b5ea90f0;
 .timescale -8 -12;
    .port_info 0 /INPUT 1 "CLK"
    .port_info 1 /OUTPUT 1 "LED"
v0x5643b5edf6d0_0 .net "CLK", 0 0, v0x5643b5ef0b10_0;  1 drivers
v0x5643b5ef0720_0 .net "LED", 0 0, L_0x5643b5ef0db0;  alias, 1 drivers
v0x5643b5ef07e0_0 .net *"_s1", 0 0, L_0x5643b5ef0c80;  1 drivers
L_0x7fa580341018 .functor BUFT 1, C4<0>, C4<0>, C4<0>, C4<0>;
v0x5643b5ef08a0_0 .net *"_s2", 0 0, L_0x7fa580341018;  1 drivers
v0x5643b5ef0980_0 .var "counter", 25 0;
E_0x5643b5ea9730 .event posedge, v0x5643b5edf6d0_0;
L_0x5643b5ef0c80 .part v0x5643b5ef0980_0, 19, 1;
L_0x5643b5ef0db0 .arith/sub 1, L_0x7fa580341018, L_0x5643b5ef0c80;
    .scope S_0x5643b5ea9270;
T_0 ;
    %pushi/vec4 0, 0, 26;
    %store/vec4 v0x5643b5ef0980_0, 0, 26;
    %end;
    .thread T_0;
    .scope S_0x5643b5ea9270;
T_1 ;
    %wait E_0x5643b5ea9730;
    %load/vec4 v0x5643b5ef0980_0;
    %addi 1, 0, 26;
    %assign/vec4 v0x5643b5ef0980_0, 0;
    %jmp T_1;
    .thread T_1;
    .scope S_0x5643b5ea90f0;
T_2 ;
    %pushi/vec4 0, 0, 1;
    %store/vec4 v0x5643b5ef0b10_0, 0, 1;
    %end;
    .thread T_2;
    .scope S_0x5643b5ea90f0;
T_3 ;
    %delay 10000, 0;
    %load/vec4 v0x5643b5ef0b10_0;
    %inv;
    %store/vec4 v0x5643b5ef0b10_0, 0, 1;
    %jmp T_3;
    .thread T_3;
    .scope S_0x5643b5ea90f0;
T_4 ;
    %vpi_call 2 19 "$monitor", $time, "CLK = %b, LED = %b", v0x5643b5ef0b10_0, v0x5643b5ef0bb0_0 {0 0 0};
    %delay 310000, 0;
    %vpi_call 2 20 "$finish" {0 0 0};
    %end;
    .thread T_4;
    .scope S_0x5643b5ea90f0;
T_5 ;
    %vpi_call 2 24 "$dumpfile", "blink_tb.vcd" {0 0 0};
    %vpi_call 2 25 "$dumpvars", 32'sb00000000000000000000000000000000, S_0x5643b5ea9270 {0 0 0};
    %end;
    .thread T_5;
# The file index is used to find the file name in the following table.
:file_names 4;
    "N/A";
    "<interactive>";
    "blink_tb.v";
    "blink.v";
